{"C:\\Users\\talsh\\OneDrive\\שולחן העבודה\\TalProject\\TalProject-2\\server.js": {"path":"C:\\Users\\talsh\\OneDrive\\שולחן העבודה\\TalProject\\TalProject-2\\server.js","statementMap":{"0":{"start":{"line":1,"column":16},"end":{"line":1,"column":34}},"1":{"start":{"line":2,"column":12},"end":{"line":2,"column":21}},"2":{"start":{"line":3,"column":15},"end":{"line":3,"column":41}},"3":{"start":{"line":4,"column":17},"end":{"line":4,"column":36}},"4":{"start":{"line":7,"column":0},"end":{"line":7,"column":24}},"5":{"start":{"line":9,"column":0},"end":{"line":9,"column":41}},"6":{"start":{"line":11,"column":11},"end":{"line":11,"column":30}},"7":{"start":{"line":12,"column":0},"end":{"line":12,"column":56}},"8":{"start":{"line":12,"column":26},"end":{"line":12,"column":54}},"9":{"start":{"line":13,"column":0},"end":{"line":13,"column":57}},"10":{"start":{"line":13,"column":19},"end":{"line":13,"column":55}},"11":{"start":{"line":15,"column":19},"end":{"line":15,"column":41}},"12":{"start":{"line":16,"column":0},"end":{"line":16,"column":27}},"13":{"start":{"line":17,"column":0},"end":{"line":17,"column":51}},"14":{"start":{"line":19,"column":19},"end":{"line":19,"column":50}},"15":{"start":{"line":20,"column":0},"end":{"line":20,"column":30}},"16":{"start":{"line":22,"column":0},"end":{"line":24,"column":4}},"17":{"start":{"line":23,"column":2},"end":{"line":23,"column":29}},"18":{"start":{"line":26,"column":0},"end":{"line":26,"column":21}}},"fnMap":{"0":{"name":"(anonymous_0)","decl":{"start":{"line":12,"column":15},"end":{"line":12,"column":16}},"loc":{"start":{"line":12,"column":26},"end":{"line":12,"column":54}},"line":12},"1":{"name":"(anonymous_1)","decl":{"start":{"line":13,"column":15},"end":{"line":13,"column":16}},"loc":{"start":{"line":13,"column":19},"end":{"line":13,"column":55}},"line":13},"2":{"name":"(anonymous_2)","decl":{"start":{"line":22,"column":13},"end":{"line":22,"column":14}},"loc":{"start":{"line":22,"column":27},"end":{"line":24,"column":1}},"line":22}},"branchMap":{},"s":{"0":1,"1":1,"2":1,"3":1,"4":1,"5":1,"6":1,"7":1,"8":0,"9":1,"10":1,"11":1,"12":1,"13":1,"14":1,"15":1,"16":1,"17":0,"18":1},"f":{"0":0,"1":1,"2":0},"b":{},"_coverageSchema":"1a1c01bbd47fc00a2c39e90264f33305004495a9","hash":"03e3286a98ea08437e3f217fb16220ae55df28f0"}
,"C:\\Users\\talsh\\OneDrive\\שולחן העבודה\\TalProject\\TalProject-2\\controllers\\post.js": {"path":"C:\\Users\\talsh\\OneDrive\\שולחן העבודה\\TalProject\\TalProject-2\\controllers\\post.js","statementMap":{"0":{"start":{"line":1,"column":19},"end":{"line":1,"column":51}},"1":{"start":{"line":3,"column":21},"end":{"line":16,"column":2}},"2":{"start":{"line":4,"column":23},"end":{"line":4,"column":38}},"3":{"start":{"line":5,"column":3},"end":{"line":15,"column":4}},"4":{"start":{"line":6,"column":6},"end":{"line":12,"column":7}},"5":{"start":{"line":7,"column":23},"end":{"line":7,"column":65}},"6":{"start":{"line":8,"column":9},"end":{"line":8,"column":37}},"7":{"start":{"line":10,"column":20},"end":{"line":10,"column":42}},"8":{"start":{"line":11,"column":6},"end":{"line":11,"column":34}},"9":{"start":{"line":14,"column":6},"end":{"line":14,"column":41}},"10":{"start":{"line":18,"column":21},"end":{"line":32,"column":1}},"11":{"start":{"line":19,"column":18},"end":{"line":19,"column":31}},"12":{"start":{"line":20,"column":3},"end":{"line":31,"column":4}},"13":{"start":{"line":21,"column":19},"end":{"line":21,"column":51}},"14":{"start":{"line":22,"column":6},"end":{"line":27,"column":7}},"15":{"start":{"line":24,"column":9},"end":{"line":24,"column":55}},"16":{"start":{"line":26,"column":9},"end":{"line":26,"column":43}},"17":{"start":{"line":30,"column":6},"end":{"line":30,"column":41}},"18":{"start":{"line":34,"column":19},"end":{"line":42,"column":1}},"19":{"start":{"line":35,"column":16},"end":{"line":35,"column":24}},"20":{"start":{"line":36,"column":3},"end":{"line":41,"column":4}},"21":{"start":{"line":37,"column":22},"end":{"line":37,"column":50}},"22":{"start":{"line":38,"column":6},"end":{"line":38,"column":36}},"23":{"start":{"line":40,"column":6},"end":{"line":40,"column":34}},"24":{"start":{"line":44,"column":24},"end":{"line":52,"column":1}},"25":{"start":{"line":45,"column":18},"end":{"line":45,"column":31}},"26":{"start":{"line":46,"column":3},"end":{"line":51,"column":4}},"27":{"start":{"line":47,"column":6},"end":{"line":47,"column":48}},"28":{"start":{"line":48,"column":6},"end":{"line":48,"column":29}},"29":{"start":{"line":50,"column":6},"end":{"line":50,"column":34}},"30":{"start":{"line":55,"column":1},"end":{"line":60,"column":3}}},"fnMap":{"0":{"name":"(anonymous_0)","decl":{"start":{"line":3,"column":21},"end":{"line":3,"column":22}},"loc":{"start":{"line":3,"column":41},"end":{"line":16,"column":2}},"line":3},"1":{"name":"(anonymous_1)","decl":{"start":{"line":18,"column":21},"end":{"line":18,"column":22}},"loc":{"start":{"line":18,"column":41},"end":{"line":32,"column":1}},"line":18},"2":{"name":"(anonymous_2)","decl":{"start":{"line":34,"column":19},"end":{"line":34,"column":20}},"loc":{"start":{"line":34,"column":39},"end":{"line":42,"column":1}},"line":34},"3":{"name":"(anonymous_3)","decl":{"start":{"line":44,"column":24},"end":{"line":44,"column":25}},"loc":{"start":{"line":44,"column":44},"end":{"line":52,"column":1}},"line":44}},"branchMap":{"0":{"loc":{"start":{"line":6,"column":6},"end":{"line":12,"column":7}},"type":"if","locations":[{"start":{"line":6,"column":6},"end":{"line":12,"column":7}},{"start":{"line":9,"column":13},"end":{"line":12,"column":7}}],"line":6},"1":{"loc":{"start":{"line":22,"column":6},"end":{"line":27,"column":7}},"type":"if","locations":[{"start":{"line":22,"column":6},"end":{"line":27,"column":7}},{"start":{"line":25,"column":11},"end":{"line":27,"column":7}}],"line":22}},"s":{"0":1,"1":1,"2":3,"3":3,"4":3,"5":1,"6":1,"7":2,"8":2,"9":0,"10":1,"11":2,"12":2,"13":2,"14":2,"15":1,"16":1,"17":0,"18":1,"19":3,"20":3,"21":3,"22":2,"23":1,"24":1,"25":1,"26":1,"27":1,"28":1,"29":0,"30":1},"f":{"0":3,"1":2,"2":3,"3":1},"b":{"0":[1,2],"1":[1,1]},"_coverageSchema":"1a1c01bbd47fc00a2c39e90264f33305004495a9","hash":"9e26d4c11958328a4a58d993a277cb3473511c62"}
,"C:\\Users\\talsh\\OneDrive\\שולחן העבודה\\TalProject\\TalProject-2\\models\\posts_model.js": {"path":"C:\\Users\\talsh\\OneDrive\\שולחן העבודה\\TalProject\\TalProject-2\\models\\posts_model.js","statementMap":{"0":{"start":{"line":1,"column":17},"end":{"line":1,"column":36}},"1":{"start":{"line":2,"column":15},"end":{"line":2,"column":30}},"2":{"start":{"line":4,"column":19},"end":{"line":14,"column":2}},"3":{"start":{"line":16,"column":18},"end":{"line":16,"column":52}},"4":{"start":{"line":17,"column":0},"end":{"line":17,"column":27}}},"fnMap":{},"branchMap":{},"s":{"0":1,"1":1,"2":1,"3":1,"4":1},"f":{},"b":{},"_coverageSchema":"1a1c01bbd47fc00a2c39e90264f33305004495a9","hash":"6c55bed576eda2a55b56956b7d53e0e3781a7a2e"}
,"C:\\Users\\talsh\\OneDrive\\שולחן העבודה\\TalProject\\TalProject-2\\routes\\post_routes.js": {"path":"C:\\Users\\talsh\\OneDrive\\שולחן העבודה\\TalProject\\TalProject-2\\routes\\post_routes.js","statementMap":{"0":{"start":{"line":1,"column":16},"end":{"line":1,"column":34}},"1":{"start":{"line":2,"column":15},"end":{"line":2,"column":31}},"2":{"start":{"line":3,"column":13},"end":{"line":3,"column":43}},"3":{"start":{"line":5,"column":0},"end":{"line":5,"column":33}},"4":{"start":{"line":6,"column":0},"end":{"line":6,"column":36}},"5":{"start":{"line":7,"column":0},"end":{"line":7,"column":33}},"6":{"start":{"line":8,"column":0},"end":{"line":8,"column":42}},"7":{"start":{"line":11,"column":0},"end":{"line":11,"column":24}}},"fnMap":{},"branchMap":{},"s":{"0":1,"1":1,"2":1,"3":1,"4":1,"5":1,"6":1,"7":1},"f":{},"b":{},"_coverageSchema":"1a1c01bbd47fc00a2c39e90264f33305004495a9","hash":"e3e420d7831ea8699fe686a2dcffc4ed176ad211"}
}
